22-Apr-2022 15:40:33.370 GRAVE [main] org.apache.catalina.startup.Catalina.initDirs Cannot find specified temporary folder at [/home/eduardo/Documentos/Bootcamp-Philips-Fullstack-Developer/Bootcamp-Philips-Fullstack-Developer/Spring-Framework/Introducao-ao-Framework-Spring-Boot/springboot-parte3/apache-tomcat-9.0.26/temp]
22-Apr-2022 15:40:33.959 INFORMAÇÕES [main] org.apache.catalina.startup.VersionLoggerListener.log Server version name:   Apache Tomcat/9.0.26
22-Apr-2022 15:40:33.963 INFORMAÇÕES [main] org.apache.catalina.startup.VersionLoggerListener.log Server built:          Sep 16 2019 15:51:39 UTC
22-Apr-2022 15:40:33.963 INFORMAÇÕES [main] org.apache.catalina.startup.VersionLoggerListener.log Server version number: 9.0.26.0
22-Apr-2022 15:40:33.963 INFORMAÇÕES [main] org.apache.catalina.startup.VersionLoggerListener.log OS Name:               Linux
22-Apr-2022 15:40:33.963 INFORMAÇÕES [main] org.apache.catalina.startup.VersionLoggerListener.log OS Version:            5.15.0-25-generic
22-Apr-2022 15:40:33.964 INFORMAÇÕES [main] org.apache.catalina.startup.VersionLoggerListener.log Architecture:          amd64
22-Apr-2022 15:40:33.964 INFORMAÇÕES [main] org.apache.catalina.startup.VersionLoggerListener.log Java Home:             /usr/lib/jvm/java-11-openjdk-amd64
22-Apr-2022 15:40:33.964 INFORMAÇÕES [main] org.apache.catalina.startup.VersionLoggerListener.log JVM Version:           11.0.14.1+1-Ubuntu-0ubuntu1
22-Apr-2022 15:40:33.964 INFORMAÇÕES [main] org.apache.catalina.startup.VersionLoggerListener.log JVM Vendor:            Ubuntu
22-Apr-2022 15:40:33.965 INFORMAÇÕES [main] org.apache.catalina.startup.VersionLoggerListener.log CATALINA_BASE:         /home/eduardo/Documentos/Bootcamp-Philips-Fullstack-Developer/Bootcamp-Philips-Fullstack-Developer/Spring-Framework/Introducao-ao-Framework-Spring-Boot/springboot-parte3/apache-tomcat-9.0.26
22-Apr-2022 15:40:33.965 INFORMAÇÕES [main] org.apache.catalina.startup.VersionLoggerListener.log CATALINA_HOME:         /home/eduardo/Documentos/Bootcamp-Philips-Fullstack-Developer/Bootcamp-Philips-Fullstack-Developer/Spring-Framework/Introducao-ao-Framework-Spring-Boot/springboot-parte3/apache-tomcat-9.0.26
22-Apr-2022 15:40:33.967 INFORMAÇÕES [main] org.apache.catalina.startup.VersionLoggerListener.log Command line argument: --add-opens=java.base/java.lang=ALL-UNNAMED
22-Apr-2022 15:40:33.967 INFORMAÇÕES [main] org.apache.catalina.startup.VersionLoggerListener.log Command line argument: --add-opens=java.base/java.io=ALL-UNNAMED
22-Apr-2022 15:40:33.968 INFORMAÇÕES [main] org.apache.catalina.startup.VersionLoggerListener.log Command line argument: --add-opens=java.rmi/sun.rmi.transport=ALL-UNNAMED
22-Apr-2022 15:40:33.968 INFORMAÇÕES [main] org.apache.catalina.startup.VersionLoggerListener.log Command line argument: -Djava.util.logging.config.file=/home/eduardo/Documentos/Bootcamp-Philips-Fullstack-Developer/Bootcamp-Philips-Fullstack-Developer/Spring-Framework/Introducao-ao-Framework-Spring-Boot/springboot-parte3/apache-tomcat-9.0.26/conf/logging.properties
22-Apr-2022 15:40:33.968 INFORMAÇÕES [main] org.apache.catalina.startup.VersionLoggerListener.log Command line argument: -Djava.util.logging.manager=org.apache.juli.ClassLoaderLogManager
22-Apr-2022 15:40:33.969 INFORMAÇÕES [main] org.apache.catalina.startup.VersionLoggerListener.log Command line argument: -Djdk.tls.ephemeralDHKeySize=2048
22-Apr-2022 15:40:33.969 INFORMAÇÕES [main] org.apache.catalina.startup.VersionLoggerListener.log Command line argument: -Djava.protocol.handler.pkgs=org.apache.catalina.webresources
22-Apr-2022 15:40:33.969 INFORMAÇÕES [main] org.apache.catalina.startup.VersionLoggerListener.log Command line argument: -Dorg.apache.catalina.security.SecurityListener.UMASK=0027
22-Apr-2022 15:40:33.969 INFORMAÇÕES [main] org.apache.catalina.startup.VersionLoggerListener.log Command line argument: -Dignore.endorsed.dirs=
22-Apr-2022 15:40:33.970 INFORMAÇÕES [main] org.apache.catalina.startup.VersionLoggerListener.log Command line argument: -Dcatalina.base=/home/eduardo/Documentos/Bootcamp-Philips-Fullstack-Developer/Bootcamp-Philips-Fullstack-Developer/Spring-Framework/Introducao-ao-Framework-Spring-Boot/springboot-parte3/apache-tomcat-9.0.26
22-Apr-2022 15:40:33.970 INFORMAÇÕES [main] org.apache.catalina.startup.VersionLoggerListener.log Command line argument: -Dcatalina.home=/home/eduardo/Documentos/Bootcamp-Philips-Fullstack-Developer/Bootcamp-Philips-Fullstack-Developer/Spring-Framework/Introducao-ao-Framework-Spring-Boot/springboot-parte3/apache-tomcat-9.0.26
22-Apr-2022 15:40:33.970 INFORMAÇÕES [main] org.apache.catalina.startup.VersionLoggerListener.log Command line argument: -Djava.io.tmpdir=/home/eduardo/Documentos/Bootcamp-Philips-Fullstack-Developer/Bootcamp-Philips-Fullstack-Developer/Spring-Framework/Introducao-ao-Framework-Spring-Boot/springboot-parte3/apache-tomcat-9.0.26/temp
22-Apr-2022 15:40:33.970 INFORMAÇÕES [main] org.apache.catalina.core.AprLifecycleListener.lifecycleEvent The APR based Apache Tomcat Native library which allows optimal performance in production environments was not found on the java.library.path: [/usr/java/packages/lib:/usr/lib/x86_64-linux-gnu/jni:/lib/x86_64-linux-gnu:/usr/lib/x86_64-linux-gnu:/usr/lib/jni:/lib:/usr/lib]
22-Apr-2022 15:40:34.692 INFORMAÇÕES [main] org.apache.coyote.AbstractProtocol.init Initializing ProtocolHandler ["http-nio-8080"]
22-Apr-2022 15:40:34.744 INFORMAÇÕES [main] org.apache.coyote.AbstractProtocol.init Initializing ProtocolHandler ["ajp-nio-8009"]
22-Apr-2022 15:40:34.813 INFORMAÇÕES [main] org.apache.catalina.startup.Catalina.load Server initialization in [1.415] milliseconds
22-Apr-2022 15:40:35.038 INFORMAÇÕES [main] org.apache.catalina.core.StandardService.startInternal Starting service [Catalina]
22-Apr-2022 15:40:35.039 INFORMAÇÕES [main] org.apache.catalina.core.StandardEngine.startInternal Starting Servlet engine: [Apache Tomcat/9.0.26]
22-Apr-2022 15:40:35.083 INFORMAÇÕES [main] org.apache.catalina.startup.HostConfig.deployWAR Deploying web application archive [/home/eduardo/Documentos/Bootcamp-Philips-Fullstack-Developer/Bootcamp-Philips-Fullstack-Developer/Spring-Framework/Introducao-ao-Framework-Spring-Boot/springboot-parte3/apache-tomcat-9.0.26/webapps/springboot-0.0.1-SNAPSHOT.war]
22-Apr-2022 15:40:43.540 INFORMAÇÕES [main] org.apache.jasper.servlet.TldScanner.scanJars At least one JAR was scanned for TLDs yet contained no TLDs. Enable debug logging for this logger for a complete list of JARs that were scanned but no TLDs were found in them. Skipping unneeded JARs during scanning can improve startup time and JSP compilation time.
22-Apr-2022 15:40:43.704 INFORMAÇÕES [main] org.apache.catalina.startup.HostConfig.deployWAR Deployment of web application archive [/home/eduardo/Documentos/Bootcamp-Philips-Fullstack-Developer/Bootcamp-Philips-Fullstack-Developer/Spring-Framework/Introducao-ao-Framework-Spring-Boot/springboot-parte3/apache-tomcat-9.0.26/webapps/springboot-0.0.1-SNAPSHOT.war] has finished in [8.622] ms
22-Apr-2022 15:40:43.721 INFORMAÇÕES [main] org.apache.catalina.startup.HostConfig.deployWAR Deploying web application archive [/home/eduardo/Documentos/Bootcamp-Philips-Fullstack-Developer/Bootcamp-Philips-Fullstack-Developer/Spring-Framework/Introducao-ao-Framework-Spring-Boot/springboot-parte3/apache-tomcat-9.0.26/webapps/springboot.war]
22-Apr-2022 15:41:00.095 INFORMAÇÕES [main] org.apache.jasper.servlet.TldScanner.scanJars At least one JAR was scanned for TLDs yet contained no TLDs. Enable debug logging for this logger for a complete list of JARs that were scanned but no TLDs were found in them. Skipping unneeded JARs during scanning can improve startup time and JSP compilation time.
22-Apr-2022 15:41:00.119 INFORMAÇÕES [main] org.apache.catalina.startup.HostConfig.deployWAR Deployment of web application archive [/home/eduardo/Documentos/Bootcamp-Philips-Fullstack-Developer/Bootcamp-Philips-Fullstack-Developer/Spring-Framework/Introducao-ao-Framework-Spring-Boot/springboot-parte3/apache-tomcat-9.0.26/webapps/springboot.war] has finished in [16.397] ms
22-Apr-2022 15:41:00.132 INFORMAÇÕES [main] org.apache.catalina.startup.HostConfig.deployDirectory Diretório de instalação da aplicação web [/home/eduardo/Documentos/Bootcamp-Philips-Fullstack-Developer/Bootcamp-Philips-Fullstack-Developer/Spring-Framework/Introducao-ao-Framework-Spring-Boot/springboot-parte3/apache-tomcat-9.0.26/webapps/examples]
22-Apr-2022 15:41:01.442 INFORMAÇÕES [main] org.apache.catalina.startup.HostConfig.deployDirectory Deployment of web application directory [/home/eduardo/Documentos/Bootcamp-Philips-Fullstack-Developer/Bootcamp-Philips-Fullstack-Developer/Spring-Framework/Introducao-ao-Framework-Spring-Boot/springboot-parte3/apache-tomcat-9.0.26/webapps/examples] has finished in [1.309] ms
22-Apr-2022 15:41:01.442 INFORMAÇÕES [main] org.apache.catalina.startup.HostConfig.deployDirectory Diretório de instalação da aplicação web [/home/eduardo/Documentos/Bootcamp-Philips-Fullstack-Developer/Bootcamp-Philips-Fullstack-Developer/Spring-Framework/Introducao-ao-Framework-Spring-Boot/springboot-parte3/apache-tomcat-9.0.26/webapps/manager]
22-Apr-2022 15:41:01.667 INFORMAÇÕES [main] org.apache.catalina.startup.HostConfig.deployDirectory Deployment of web application directory [/home/eduardo/Documentos/Bootcamp-Philips-Fullstack-Developer/Bootcamp-Philips-Fullstack-Developer/Spring-Framework/Introducao-ao-Framework-Spring-Boot/springboot-parte3/apache-tomcat-9.0.26/webapps/manager] has finished in [223] ms
22-Apr-2022 15:41:01.672 INFORMAÇÕES [main] org.apache.catalina.startup.HostConfig.deployDirectory Diretório de instalação da aplicação web [/home/eduardo/Documentos/Bootcamp-Philips-Fullstack-Developer/Bootcamp-Philips-Fullstack-Developer/Spring-Framework/Introducao-ao-Framework-Spring-Boot/springboot-parte3/apache-tomcat-9.0.26/webapps/ROOT]
22-Apr-2022 15:41:01.793 INFORMAÇÕES [main] org.apache.catalina.startup.HostConfig.deployDirectory Deployment of web application directory [/home/eduardo/Documentos/Bootcamp-Philips-Fullstack-Developer/Bootcamp-Philips-Fullstack-Developer/Spring-Framework/Introducao-ao-Framework-Spring-Boot/springboot-parte3/apache-tomcat-9.0.26/webapps/ROOT] has finished in [122] ms
22-Apr-2022 15:41:01.794 INFORMAÇÕES [main] org.apache.catalina.startup.HostConfig.deployDirectory Diretório de instalação da aplicação web [/home/eduardo/Documentos/Bootcamp-Philips-Fullstack-Developer/Bootcamp-Philips-Fullstack-Developer/Spring-Framework/Introducao-ao-Framework-Spring-Boot/springboot-parte3/apache-tomcat-9.0.26/webapps/docs]
22-Apr-2022 15:41:01.934 INFORMAÇÕES [main] org.apache.catalina.startup.HostConfig.deployDirectory Deployment of web application directory [/home/eduardo/Documentos/Bootcamp-Philips-Fullstack-Developer/Bootcamp-Philips-Fullstack-Developer/Spring-Framework/Introducao-ao-Framework-Spring-Boot/springboot-parte3/apache-tomcat-9.0.26/webapps/docs] has finished in [140] ms
22-Apr-2022 15:41:01.936 INFORMAÇÕES [main] org.apache.catalina.startup.HostConfig.deployDirectory Diretório de instalação da aplicação web [/home/eduardo/Documentos/Bootcamp-Philips-Fullstack-Developer/Bootcamp-Philips-Fullstack-Developer/Spring-Framework/Introducao-ao-Framework-Spring-Boot/springboot-parte3/apache-tomcat-9.0.26/webapps/host-manager]
22-Apr-2022 15:41:02.006 INFORMAÇÕES [main] org.apache.catalina.startup.HostConfig.deployDirectory Deployment of web application directory [/home/eduardo/Documentos/Bootcamp-Philips-Fullstack-Developer/Bootcamp-Philips-Fullstack-Developer/Spring-Framework/Introducao-ao-Framework-Spring-Boot/springboot-parte3/apache-tomcat-9.0.26/webapps/host-manager] has finished in [69] ms
22-Apr-2022 15:41:02.075 INFORMAÇÕES [main] org.apache.coyote.AbstractProtocol.start Starting ProtocolHandler ["http-nio-8080"]
22-Apr-2022 15:41:02.173 INFORMAÇÕES [main] org.apache.coyote.AbstractProtocol.start Starting ProtocolHandler ["ajp-nio-8009"]
22-Apr-2022 15:41:02.216 INFORMAÇÕES [main] org.apache.catalina.startup.Catalina.start Server startup in [27.402] milliseconds
22-Apr-2022 15:43:12.651 INFORMAÇÕES [Catalina-utility-1] org.apache.catalina.startup.HostConfig.undeploy Undeploying context [/springboot-0.0.1-SNAPSHOT]
22-Apr-2022 15:43:12.697 INFORMAÇÕES [Catalina-utility-1] org.apache.catalina.startup.HostConfig.deployWAR Deploying web application archive [/home/eduardo/Documentos/Bootcamp-Philips-Fullstack-Developer/Bootcamp-Philips-Fullstack-Developer/Spring-Framework/Introducao-ao-Framework-Spring-Boot/springboot-parte3/apache-tomcat-9.0.26/webapps/springboot-0.0.1-SNAPSHOT.war]
22-Apr-2022 15:43:14.738 INFORMAÇÕES [Catalina-utility-1] org.apache.jasper.servlet.TldScanner.scanJars At least one JAR was scanned for TLDs yet contained no TLDs. Enable debug logging for this logger for a complete list of JARs that were scanned but no TLDs were found in them. Skipping unneeded JARs during scanning can improve startup time and JSP compilation time.
22-Apr-2022 15:43:14.743 INFORMAÇÕES [Catalina-utility-1] org.apache.catalina.startup.HostConfig.deployWAR Deployment of web application archive [/home/eduardo/Documentos/Bootcamp-Philips-Fullstack-Developer/Bootcamp-Philips-Fullstack-Developer/Spring-Framework/Introducao-ao-Framework-Spring-Boot/springboot-parte3/apache-tomcat-9.0.26/webapps/springboot-0.0.1-SNAPSHOT.war] has finished in [2.047] ms
22-Apr-2022 15:43:14.744 INFORMAÇÕES [Catalina-utility-1] org.apache.catalina.startup.HostConfig.deployDirectory Diretório de instalação da aplicação web [/home/eduardo/Documentos/Bootcamp-Philips-Fullstack-Developer/Bootcamp-Philips-Fullstack-Developer/Spring-Framework/Introducao-ao-Framework-Spring-Boot/springboot-parte3/apache-tomcat-9.0.26/webapps/springboot2022]
22-Apr-2022 15:43:16.581 INFORMAÇÕES [Catalina-utility-1] org.apache.jasper.servlet.TldScanner.scanJars At least one JAR was scanned for TLDs yet contained no TLDs. Enable debug logging for this logger for a complete list of JARs that were scanned but no TLDs were found in them. Skipping unneeded JARs during scanning can improve startup time and JSP compilation time.
22-Apr-2022 15:43:16.586 INFORMAÇÕES [Catalina-utility-1] org.apache.catalina.startup.HostConfig.deployDirectory Deployment of web application directory [/home/eduardo/Documentos/Bootcamp-Philips-Fullstack-Developer/Bootcamp-Philips-Fullstack-Developer/Spring-Framework/Introducao-ao-Framework-Spring-Boot/springboot-parte3/apache-tomcat-9.0.26/webapps/springboot2022] has finished in [1.841] ms
22-Apr-2022 17:07:08.252 INFORMAÇÕES [main] org.apache.catalina.core.StandardServer.await A valid shutdown command was received via the shutdown port. Stopping the Server instance.
22-Apr-2022 17:07:08.272 INFORMAÇÕES [main] org.apache.coyote.AbstractProtocol.pause Pausing ProtocolHandler ["http-nio-8080"]
22-Apr-2022 17:07:08.360 INFORMAÇÕES [main] org.apache.coyote.AbstractProtocol.pause Pausing ProtocolHandler ["ajp-nio-8009"]
22-Apr-2022 17:07:08.370 INFORMAÇÕES [main] org.apache.catalina.core.StandardService.stopInternal Stopping service [Catalina]
22-Apr-2022 17:07:10.270 INFORMAÇÕES [main] org.apache.coyote.AbstractProtocol.stop Stopping ProtocolHandler ["http-nio-8080"]
22-Apr-2022 17:07:10.294 INFORMAÇÕES [main] org.apache.coyote.AbstractProtocol.stop Stopping ProtocolHandler ["ajp-nio-8009"]
22-Apr-2022 17:07:10.320 INFORMAÇÕES [main] org.apache.coyote.AbstractProtocol.destroy Destroying ProtocolHandler ["http-nio-8080"]
22-Apr-2022 17:07:10.340 INFORMAÇÕES [main] org.apache.coyote.AbstractProtocol.destroy Destroying ProtocolHandler ["ajp-nio-8009"]
