22-Apr-2022 15:40:42.643 INFORMAÇÕES [main] org.apache.catalina.core.ApplicationContext.log 1 Spring WebApplicationInitializers detected on classpath
22-Apr-2022 15:40:46.356 INFORMAÇÕES [main] org.apache.catalina.core.ApplicationContext.log 2 Spring WebApplicationInitializers detected on classpath
22-Apr-2022 15:40:54.443 INFORMAÇÕES [main] org.apache.catalina.core.ApplicationContext.log Initializing Spring embedded WebApplicationContext
22-Apr-2022 15:41:01.413 INFORMAÇÕES [main] org.apache.catalina.core.ApplicationContext.log ContextListener: contextInitialized()
22-Apr-2022 15:41:01.413 INFORMAÇÕES [main] org.apache.catalina.core.ApplicationContext.log SessionListener: contextInitialized()
22-Apr-2022 15:41:01.416 INFORMAÇÕES [main] org.apache.catalina.core.ApplicationContext.log ContextListener: attributeAdded('StockTicker', 'async.Stockticker@61267fa2')
22-Apr-2022 15:41:27.193 INFORMAÇÕES [http-nio-8080-exec-7] org.apache.catalina.core.ApplicationContext.log Initializing Spring DispatcherServlet 'dispatcherServlet'
22-Apr-2022 15:43:12.661 GRAVE [Catalina-utility-1] org.apache.catalina.core.StandardContext.listenerStop Exception sending context destroyed event to listener instance of class [ch.qos.logback.classic.servlet.LogbackServletContextListener]
	java.lang.IllegalStateException: java.io.IOException: java.lang.reflect.InvocationTargetException
		at org.apache.catalina.webresources.AbstractSingleArchiveResourceSet.getArchiveEntry(AbstractSingleArchiveResourceSet.java:101)
		at org.apache.catalina.webresources.AbstractArchiveResourceSet.getResource(AbstractArchiveResourceSet.java:256)
		at org.apache.catalina.webresources.StandardRoot.getResourceInternal(StandardRoot.java:282)
		at org.apache.catalina.webresources.Cache.getResource(Cache.java:62)
		at org.apache.catalina.webresources.StandardRoot.getResource(StandardRoot.java:217)
		at org.apache.catalina.webresources.StandardRoot.getClassLoaderResource(StandardRoot.java:226)
		at org.apache.catalina.loader.WebappClassLoaderBase.findClassInternal(WebappClassLoaderBase.java:2303)
		at org.apache.catalina.loader.WebappClassLoaderBase.findClass(WebappClassLoaderBase.java:865)
		at org.apache.catalina.loader.WebappClassLoaderBase.loadClass(WebappClassLoaderBase.java:1334)
		at org.apache.catalina.loader.WebappClassLoaderBase.loadClass(WebappClassLoaderBase.java:1188)
		at ch.qos.logback.core.ContextBase.getLifeCycleManager(ContextBase.java:260)
		at ch.qos.logback.core.ContextBase.reset(ContextBase.java:175)
		at ch.qos.logback.classic.LoggerContext.reset(LoggerContext.java:220)
		at ch.qos.logback.classic.LoggerContext.stop(LoggerContext.java:348)
		at ch.qos.logback.classic.servlet.LogbackServletContextListener.contextDestroyed(LogbackServletContextListener.java:36)
		at org.apache.catalina.core.StandardContext.listenerStop(StandardContext.java:4730)
		at org.apache.catalina.core.StandardContext.stopInternal(StandardContext.java:5396)
		at org.apache.catalina.util.LifecycleBase.stop(LifecycleBase.java:257)
		at org.apache.catalina.core.ContainerBase.removeChild(ContainerBase.java:805)
		at org.apache.catalina.startup.HostConfig.undeploy(HostConfig.java:1425)
		at org.apache.catalina.startup.HostConfig.checkResources(HostConfig.java:1352)
		at org.apache.catalina.startup.HostConfig.check(HostConfig.java:1611)
		at org.apache.catalina.startup.HostConfig.lifecycleEvent(HostConfig.java:305)
		at org.apache.catalina.util.LifecycleBase.fireLifecycleEvent(LifecycleBase.java:123)
		at org.apache.catalina.core.ContainerBase.backgroundProcess(ContainerBase.java:1151)
		at org.apache.catalina.core.ContainerBase$ContainerBackgroundProcessor.processChildren(ContainerBase.java:1353)
		at org.apache.catalina.core.ContainerBase$ContainerBackgroundProcessor.processChildren(ContainerBase.java:1357)
		at org.apache.catalina.core.ContainerBase$ContainerBackgroundProcessor.run(ContainerBase.java:1335)
		at java.base/java.util.concurrent.Executors$RunnableAdapter.call(Executors.java:515)
		at java.base/java.util.concurrent.FutureTask.runAndReset(FutureTask.java:305)
		at java.base/java.util.concurrent.ScheduledThreadPoolExecutor$ScheduledFutureTask.run(ScheduledThreadPoolExecutor.java:305)
		at java.base/java.util.concurrent.ThreadPoolExecutor.runWorker(ThreadPoolExecutor.java:1128)
		at java.base/java.util.concurrent.ThreadPoolExecutor$Worker.run(ThreadPoolExecutor.java:628)
		at org.apache.tomcat.util.threads.TaskThread$WrappingRunnable.run(TaskThread.java:61)
		at java.base/java.lang.Thread.run(Thread.java:829)
	Caused by: java.io.IOException: java.lang.reflect.InvocationTargetException
		at org.apache.tomcat.util.compat.Jre9Compat.jarFileNewInstance(Jre9Compat.java:212)
		at org.apache.tomcat.util.compat.JreCompat.jarFileNewInstance(JreCompat.java:161)
		at org.apache.catalina.webresources.AbstractArchiveResourceSet.openJarFile(AbstractArchiveResourceSet.java:307)
		at org.apache.catalina.webresources.AbstractSingleArchiveResourceSet.getArchiveEntry(AbstractSingleArchiveResourceSet.java:97)
		... 34 more
	Caused by: java.lang.reflect.InvocationTargetException
		at java.base/jdk.internal.reflect.GeneratedConstructorAccessor7.newInstance(Unknown Source)
		at java.base/jdk.internal.reflect.DelegatingConstructorAccessorImpl.newInstance(DelegatingConstructorAccessorImpl.java:45)
		at java.base/java.lang.reflect.Constructor.newInstance(Constructor.java:490)
		at org.apache.tomcat.util.compat.Jre9Compat.jarFileNewInstance(Jre9Compat.java:209)
		... 37 more
	Caused by: java.nio.file.NoSuchFileException: /home/eduardo/Documentos/Bootcamp-Philips-Fullstack-Developer/Bootcamp-Philips-Fullstack-Developer/Spring-Framework/Introducao-ao-Framework-Spring-Boot/springboot-parte3/apache-tomcat-9.0.26/webapps/springboot-0.0.1-SNAPSHOT/WEB-INF/lib/spring-web-5.3.19.jar
		at java.base/sun.nio.fs.UnixException.translateToIOException(UnixException.java:92)
		at java.base/sun.nio.fs.UnixException.rethrowAsIOException(UnixException.java:111)
		at java.base/sun.nio.fs.UnixException.rethrowAsIOException(UnixException.java:116)
		at java.base/sun.nio.fs.UnixFileAttributeViews$Basic.readAttributes(UnixFileAttributeViews.java:55)
		at java.base/sun.nio.fs.UnixFileSystemProvider.readAttributes(UnixFileSystemProvider.java:149)
		at java.base/sun.nio.fs.LinuxFileSystemProvider.readAttributes(LinuxFileSystemProvider.java:99)
		at java.base/java.nio.file.Files.readAttributes(Files.java:1764)
		at java.base/java.util.zip.ZipFile$Source.get(ZipFile.java:1259)
		at java.base/java.util.zip.ZipFile$CleanableResource.<init>(ZipFile.java:733)
		at java.base/java.util.zip.ZipFile$CleanableResource.get(ZipFile.java:850)
		at java.base/java.util.zip.ZipFile.<init>(ZipFile.java:248)
		at java.base/java.util.zip.ZipFile.<init>(ZipFile.java:177)
		at java.base/java.util.jar.JarFile.<init>(JarFile.java:350)
		... 41 more
22-Apr-2022 15:43:14.548 INFORMAÇÕES [Catalina-utility-1] org.apache.catalina.core.ApplicationContext.log 1 Spring WebApplicationInitializers detected on classpath
22-Apr-2022 15:43:16.481 INFORMAÇÕES [Catalina-utility-1] org.apache.catalina.core.ApplicationContext.log 1 Spring WebApplicationInitializers detected on classpath
22-Apr-2022 17:07:08.422 INFORMAÇÕES [main] org.apache.catalina.core.ApplicationContext.log Destroying Spring FrameworkServlet 'dispatcherServlet'
22-Apr-2022 17:07:08.481 INFORMAÇÕES [main] org.apache.catalina.core.ApplicationContext.log Closing Spring root WebApplicationContext
22-Apr-2022 17:07:10.029 INFORMAÇÕES [main] org.apache.catalina.core.ApplicationContext.log SessionListener: contextDestroyed()
22-Apr-2022 17:07:10.030 INFORMAÇÕES [main] org.apache.catalina.core.ApplicationContext.log ContextListener: contextDestroyed()
